color
direction
font-family
font-kerning
font-size
font-size-adjust
font-stretch
font-style
font-variant
font-variant-ligatures
font-weight
-webkit-font-feature-settings
-webkit-font-smoothing
-webkit-locale
-webkit-text-orientation
-webkit-writing-mode
text-rendering
zoom
align-content
align-items
alignment-baseline
align-self
animation-delay
animation-direction
animation-duration
animation-fill-mode
animation-iteration-count
animation-name
animation-play-state
animation-timing-function
backdrop-filter
backface-visibility
background-attachment
background-blend-mode
background-clip
background-color
background-image
background-origin
background-position-x
background-position-y
background-repeat-x
background-repeat-y
background-size
baseline-shift
border-bottom-color
border-bottom-left-radius
border-bottom-right-radius
border-bottom-style
border-bottom-width
border-collapse
border-image-outset
border-image-repeat
border-image-slice
border-image-source
border-image-width
border-left-color
border-left-style
border-left-width
border-right-color
border-right-style
border-right-width
border-top-color
border-top-left-radius
border-top-right-radius
border-top-style
border-top-width
bottom
box-shadow
box-sizing
buffered-rendering
caption-side
clear
clip
clip-path
clip-rule
color-interpolation
color-interpolation-filters
color-rendering
column-fill
content
counter-increment
counter-reset
cursor
cx
cy
display
dominant-baseline
empty-cells
fill
fill-opacity
fill-rule
filter
flex-basis
flex-direction
flex-grow
flex-shrink
flex-wrap
float
flood-color
flood-opacity
glyph-orientation-horizontal
glyph-orientation-vertical
grid-auto-columns
grid-auto-flow
grid-auto-rows
grid-column-end
grid-column-start
grid-row-end
grid-row-start
grid-template-areas
grid-template-columns
grid-template-rows
height
image-rendering
image-orientation
isolation
justify-content
justify-items
justify-self
left
letter-spacing
lighting-color
line-height
list-style-image
list-style-position
list-style-type
margin-bottom
margin-left
margin-right
margin-top
marker-end
marker-mid
marker-start
mask
mask-source-type
mask-type
max-height
max-width
min-height
min-width
mix-blend-mode
motion-offset
motion-path
motion-rotation
object-fit
object-position
opacity
order
orphans
outline-color
outline-offset
outline-style
outline-width
overflow-wrap
overflow-x
overflow-y
padding-bottom
padding-left
padding-right
padding-top
page-break-after
page-break-before
page-break-inside
paint-order
perspective
perspective-origin
pointer-events
position
quotes
resize
right
r
rx
ry
scroll-behavior
scroll-snap-type
scroll-snap-points-x
scroll-snap-points-y
scroll-snap-destination
scroll-snap-coordinate
shape-image-threshold
shape-margin
shape-outside
shape-rendering
size
speak
stop-color
stop-opacity
stroke
stroke-dasharray
stroke-dashoffset
stroke-linecap
stroke-linejoin
stroke-miterlimit
stroke-opacity
stroke-width
table-layout
tab-size
text-align
text-align-last
text-anchor
text-decoration
text-decoration-color
text-decoration-line
text-decoration-style
text-indent
text-justify
text-overflow
text-shadow
text-transform
text-underline-position
top
touch-action
transform
transform-origin
transform-style
translate
rotate
scale
transition-delay
transition-duration
transition-property
transition-timing-function
unicode-bidi
vector-effect
vertical-align
visibility
x
y
-webkit-appearance
-webkit-app-region
-webkit-background-clip
-webkit-background-composite
-webkit-background-origin
-webkit-border-horizontal-spacing
-webkit-border-image
-webkit-border-vertical-spacing
-webkit-box-align
-webkit-box-decoration-break
-webkit-box-direction
-webkit-box-flex
-webkit-box-flex-group
-webkit-box-lines
-webkit-box-ordinal-group
-webkit-box-orient
-webkit-box-pack
-webkit-box-reflect
-webkit-clip-path
-webkit-column-break-after
-webkit-column-break-before
-webkit-column-break-inside
-webkit-column-count
-webkit-column-gap
-webkit-column-rule-color
-webkit-column-rule-style
-webkit-column-rule-width
-webkit-column-span
-webkit-column-width
-webkit-filter
-webkit-highlight
-webkit-hyphenate-character
-webkit-line-break
-webkit-line-clamp
-webkit-margin-after-collapse
-webkit-margin-before-collapse
-webkit-margin-bottom-collapse
-webkit-margin-top-collapse
-webkit-mask-box-image-outset
-webkit-mask-box-image-repeat
-webkit-mask-box-image-slice
-webkit-mask-box-image-source
-webkit-mask-box-image-width
-webkit-mask-clip
-webkit-mask-composite
-webkit-mask-image
-webkit-mask-origin
-webkit-mask-position-x
-webkit-mask-position-y
-webkit-mask-repeat-x
-webkit-mask-repeat-y
-webkit-mask-size
-webkit-perspective-origin-x
-webkit-perspective-origin-y
-webkit-print-color-adjust
-webkit-rtl-ordering
-webkit-ruby-position
-webkit-tap-highlight-color
-webkit-text-combine
-webkit-text-emphasis-color
-webkit-text-emphasis-position
-webkit-text-emphasis-style
-webkit-text-fill-color
-webkit-text-security
-webkit-text-stroke-color
-webkit-text-stroke-width
-webkit-transform-origin-x
-webkit-transform-origin-y
-webkit-transform-origin-z
-webkit-user-drag
-webkit-user-modify
-webkit-user-select
white-space
widows
width
will-change
word-break
word-spacing
word-wrap
writing-mode
z-index
-webkit-border-end-color
-webkit-border-end-style
-webkit-border-end-width
-webkit-border-start-color
-webkit-border-start-style
-webkit-border-start-width
-webkit-border-before-color
-webkit-border-before-style
-webkit-border-before-width
-webkit-border-after-color
-webkit-border-after-style
-webkit-border-after-width
-webkit-margin-end
-webkit-margin-start
-webkit-margin-before
-webkit-margin-after
-webkit-padding-end
-webkit-padding-start
-webkit-padding-before
-webkit-padding-after
-webkit-logical-width
-webkit-logical-height
-webkit-min-logical-width
-webkit-min-logical-height
-webkit-max-logical-width
-webkit-max-logical-height
all
max-zoom
min-zoom
orientation
page
src
unicode-range
user-zoom
-webkit-font-size-delta
-webkit-text-decorations-in-effect
animation
background
background-position
background-repeat
border
border-bottom
border-color
border-image
border-left
border-radius
border-right
border-spacing
border-style
border-top
border-width
flex
flex-flow
font
grid
grid-area
grid-column
grid-row
grid-template
list-style
margin
marker
motion
outline
overflow
padding
transition
-webkit-border-after
-webkit-border-before
-webkit-border-end
-webkit-border-start
-webkit-column-rule
-webkit-columns
-webkit-margin-collapse
-webkit-mask
-webkit-mask-box-image
-webkit-mask-position
-webkit-mask-repeat
-webkit-text-emphasis
-webkit-text-stroke
-epub-caption-side
-epub-text-combine
-epub-text-emphasis
-epub-text-emphasis-color
-epub-text-emphasis-style
-epub-text-orientation
-epub-text-transform
-epub-word-break
-epub-writing-mode
-webkit-align-content
-webkit-align-items
-webkit-align-self
-webkit-animation
-webkit-animation-delay
-webkit-animation-direction
-webkit-animation-duration
-webkit-animation-fill-mode
-webkit-animation-iteration-count
-webkit-animation-name
-webkit-animation-play-state
-webkit-animation-timing-function
-webkit-backface-visibility
-webkit-background-size
-webkit-border-bottom-left-radius
-webkit-border-bottom-right-radius
-webkit-border-radius
-webkit-border-top-left-radius
-webkit-border-top-right-radius
-webkit-box-shadow
-webkit-box-sizing
-webkit-flex
-webkit-flex-basis
-webkit-flex-direction
-webkit-flex-flow
-webkit-flex-grow
-webkit-flex-shrink
-webkit-flex-wrap
-webkit-justify-content
-webkit-opacity
-webkit-order
-webkit-perspective
-webkit-perspective-origin
-webkit-shape-image-threshold
-webkit-shape-margin
-webkit-shape-outside
-webkit-transform
-webkit-transform-origin
-webkit-transform-style
-webkit-transition
-webkit-transition-delay
-webkit-transition-duration
-webkit-transition-property
-webkit-transition-timing-function
