aria-activedescendant
aria-atomic
aria-autocomplete
aria-busy
aria-checked
aria-colcount
aria-colindex
aria-colspan
aria-controls
aria-current
aria-describedby
aria-details
aria-disabled
aria-dropeffect
aria-errormessage
aria-expanded
aria-flowto
aria-grabbed
aria-haspopup
aria-help
aria-hidden
aria-invalid
aria-keyshortcuts
aria-label
aria-labelledby
aria-labeledby
aria-level
aria-live
aria-modal
aria-multiline
aria-multiselectable
aria-orientation
aria-owns
aria-placeholder
aria-posinset
aria-pressed
aria-readonly
aria-relevant
aria-required
aria-roledescription
aria-rowcount
aria-rowindex
aria-rowspan
aria-selected
aria-setsize
aria-sort
aria-valuemax
aria-valuemin
aria-valuenow
aria-valuetext
alert
alertdialog
application
article
banner
button
cell
checkbox
columnheader
combobox
command
complementary
composite
contentinfo
definition
dialog
directory
document
feed
figure
form
grid
gridcell
group
heading
img
input
landmark
link
list
listbox
listitem
log
main
marquee
math
menu
menubar
menuitem
menuitemcheckbox
menuitemradio
navigation
none
note
option
presentation
progressbar
radio
radiogroup
range
region
roletype
row
rowgroup
rowheader
scrollbar
search
searchbox
section
sectionhead
select
separator
slider
spinbutton
status
structure
switch
tab
table
tablist
tabpanel
term
textbox
timer
toolbar
tooltip
tree
treegrid
treeitem
widget
window
