animation-delay
animation-direction
animation-duration
animation-fill-mode
animation-iteration-count
animation-name
animation-play-state
animation-timing-function
transition-delay
transition-duration
transition-property
transition-timing-function
color
direction
font-family
font-kerning
font-optical-sizing
font-size
font-size-adjust
font-stretch
font-style
font-variant-ligatures
font-variant-caps
font-variant-east-asian
font-variant-numeric
font-weight
font-feature-settings
font-variation-settings
-webkit-font-smoothing
forced-color-adjust
-webkit-locale
text-orientation
-webkit-text-orientation
writing-mode
-webkit-writing-mode
text-rendering
zoom
align-content
align-items
alignment-baseline
align-self
aspect-ratio
backdrop-filter
backface-visibility
background-attachment
background-blend-mode
background-clip
background-color
background-image
background-origin
background-position-x
background-position-y
background-repeat-x
background-repeat-y
background-size
baseline-shift
border-bottom-color
border-bottom-left-radius
border-bottom-right-radius
border-bottom-style
border-bottom-width
border-collapse
border-image-outset
border-image-repeat
border-image-slice
border-image-source
border-image-width
border-left-color
border-left-style
border-left-width
border-right-color
border-right-style
border-right-width
border-top-color
border-top-left-radius
border-top-right-radius
border-top-style
border-top-width
bottom
box-shadow
box-sizing
break-after
break-before
break-inside
buffered-rendering
caption-side
caret-color
clear
clip
clip-path
clip-rule
color-interpolation
color-interpolation-filters
color-rendering
color-scheme
column-fill
contain
contain-intrinsic-size
content
counter-increment
counter-reset
cursor
cx
cy
d
display
dominant-baseline
empty-cells
fill
fill-opacity
fill-rule
filter
flex-basis
flex-direction
flex-grow
flex-shrink
flex-wrap
float
flood-color
flood-opacity
grid-auto-columns
grid-auto-flow
grid-auto-rows
grid-column-end
grid-column-start
grid-row-end
grid-row-start
grid-template-areas
grid-template-columns
grid-template-rows
height
hyphens
image-rendering
image-orientation
isolation
justify-content
justify-items
justify-self
left
letter-spacing
lighting-color
line-height
line-height-step
list-style-image
list-style-position
list-style-type
margin-bottom
margin-left
margin-right
margin-top
marker-end
marker-mid
marker-start
mask
mask-source-type
mask-type
math-style
math-superscript-shift-style
max-height
max-width
min-height
min-width
mix-blend-mode
object-fit
object-position
offset-anchor
offset-distance
offset-path
offset-position
offset-rotate
opacity
order
origin-trial-test-property
orphans
outline-color
outline-offset
outline-style
outline-width
overflow-anchor
overflow-wrap
overflow-inline
overflow-block
overflow-x
overflow-y
overscroll-behavior-inline
overscroll-behavior-block
overscroll-behavior-x
overscroll-behavior-y
padding-bottom
padding-left
padding-right
padding-top
page
paint-order
perspective
perspective-origin
pointer-events
position
quotes
content-visibility
resize
right
r
rx
ry
scroll-behavior
scroll-margin-block-end
scroll-customization
scroll-margin-block-start
scroll-margin-bottom
scroll-margin-inline-end
scroll-margin-inline-start
scroll-margin-left
scroll-margin-right
scroll-margin-top
scroll-padding-block-end
scroll-padding-block-start
scroll-padding-bottom
scroll-padding-inline-end
scroll-padding-inline-start
scroll-padding-left
scroll-padding-right
scroll-padding-top
scroll-snap-align
scroll-snap-stop
scroll-snap-type
shape-image-threshold
shape-margin
shape-outside
shape-rendering
size
speak
stop-color
stop-opacity
stroke
stroke-dasharray
stroke-dashoffset
stroke-linecap
stroke-linejoin
stroke-miterlimit
stroke-opacity
stroke-width
table-layout
tab-size
text-align
text-align-last
text-anchor
text-combine-upright
text-decoration-color
text-decoration-line
text-decoration-skip-ink
text-decoration-style
text-decoration-thickness
text-indent
text-justify
text-overflow
text-shadow
text-size-adjust
text-transform
text-underline-offset
text-underline-position
top
touch-action
transform
transform-box
transform-origin
transform-style
translate
rotate
scale
unicode-bidi
vector-effect
vertical-align
visibility
x
y
appearance
-webkit-appearance
-webkit-app-region
-webkit-border-horizontal-spacing
-webkit-border-image
-webkit-border-vertical-spacing
-webkit-box-align
-webkit-box-decoration-break
-webkit-box-direction
-webkit-box-flex
-webkit-box-ordinal-group
-webkit-box-orient
-webkit-box-pack
-webkit-box-reflect
column-count
column-gap
row-gap
column-rule-color
column-rule-style
column-rule-width
column-span
column-width
-webkit-highlight
-webkit-hyphenate-character
-webkit-line-break
line-break
-webkit-line-clamp
-webkit-mask-box-image-outset
-webkit-mask-box-image-repeat
-webkit-mask-box-image-slice
-webkit-mask-box-image-source
-webkit-mask-box-image-width
-webkit-mask-clip
-webkit-mask-composite
-webkit-mask-image
-webkit-mask-origin
-webkit-mask-position-x
-webkit-mask-position-y
-webkit-mask-repeat-x
-webkit-mask-repeat-y
-webkit-mask-size
-webkit-perspective-origin-x
-webkit-perspective-origin-y
-webkit-print-color-adjust
-webkit-rtl-ordering
-webkit-ruby-position
ruby-position
-webkit-tap-highlight-color
-webkit-text-combine
-webkit-text-emphasis-color
-webkit-text-emphasis-position
-webkit-text-emphasis-style
-webkit-text-fill-color
-webkit-text-security
-webkit-text-stroke-color
-webkit-text-stroke-width
-webkit-transform-origin-x
-webkit-transform-origin-y
-webkit-transform-origin-z
-webkit-user-drag
-webkit-user-modify
user-select
white-space
widows
width
will-change
word-break
word-spacing
z-index
inline-size
block-size
min-inline-size
min-block-size
max-inline-size
max-block-size
margin-inline-start
margin-inline-end
margin-block-start
margin-block-end
padding-inline-start
padding-inline-end
padding-block-start
padding-block-end
border-inline-start-width
border-inline-start-style
border-inline-start-color
border-inline-end-width
border-inline-end-style
border-inline-end-color
border-block-start-width
border-block-start-style
border-block-start-color
border-block-end-width
border-block-end-style
border-block-end-color
inset-inline-start
inset-inline-end
inset-block-start
inset-block-end
-webkit-border-end-color
-webkit-border-end-style
-webkit-border-end-width
-webkit-border-start-color
-webkit-border-start-style
-webkit-border-start-width
-webkit-border-before-color
-webkit-border-before-style
-webkit-border-before-width
-webkit-border-after-color
-webkit-border-after-style
-webkit-border-after-width
-webkit-margin-end
-webkit-margin-start
-webkit-margin-before
-webkit-margin-after
-webkit-padding-end
-webkit-padding-start
-webkit-padding-before
-webkit-padding-after
-webkit-logical-width
-webkit-logical-height
-webkit-min-logical-width
-webkit-min-logical-height
-webkit-max-logical-width
-webkit-max-logical-height
all
-webkit-font-size-delta
-webkit-text-decorations-in-effect
font-display
max-zoom
min-zoom
orientation
src
unicode-range
user-zoom
viewport-fit
syntax
initial-value
inherits
animation
background
background-position
background-repeat
border
border-block
border-block-color
border-block-end
border-block-start
border-block-style
border-block-width
border-bottom
border-color
border-image
border-inline
border-inline-color
border-inline-end
border-inline-start
border-inline-style
border-inline-width
border-left
border-radius
border-right
border-spacing
border-style
border-top
border-width
flex
flex-flow
font
font-variant
grid
place-content
place-items
place-self
grid-area
grid-column
grid-column-gap
grid-row-gap
gap
grid-gap
grid-row
grid-template
inset
inset-block
inset-inline
list-style
margin
margin-block
margin-inline
marker
offset
outline
overflow
overscroll-behavior
padding
padding-block
padding-inline
page-break-after
page-break-before
page-break-inside
scroll-margin
scroll-margin-block
scroll-margin-inline
scroll-padding
scroll-padding-block
scroll-padding-inline
text-decoration
transition
-webkit-border-after
-webkit-border-before
-webkit-border-end
-webkit-border-start
-webkit-column-break-after
-webkit-column-break-before
-webkit-column-break-inside
column-rule
columns
-webkit-mask
-webkit-mask-box-image
-webkit-mask-position
-webkit-mask-repeat
-webkit-text-emphasis
-webkit-text-stroke
-internal-visited-color
-internal-visited-caret-color
-internal-visited-column-rule-color
-internal-visited-background-color
-internal-visited-border-left-color
-internal-visited-border-right-color
-internal-visited-border-top-color
-internal-visited-border-bottom-color
-internal-visited-border-inline-start-color
-internal-visited-border-inline-end-color
-internal-visited-border-block-start-color
-internal-visited-border-block-end-color
-internal-visited-fill
-internal-visited-outline-color
-internal-visited-stroke
-internal-visited-text-decoration-color
-internal-visited-text-emphasis-color
-internal-visited-text-fill-color
-internal-visited-text-stroke-color
-internal-empty-line-height
-epub-caption-side
-epub-text-combine
-epub-text-emphasis
-epub-text-emphasis-color
-epub-text-emphasis-style
-epub-text-orientation
-epub-text-transform
-epub-word-break
-epub-writing-mode
-webkit-align-content
-webkit-align-items
-webkit-align-self
-webkit-animation
-webkit-animation-delay
-webkit-animation-direction
-webkit-animation-duration
-webkit-animation-fill-mode
-webkit-animation-iteration-count
-webkit-animation-name
-webkit-animation-play-state
-webkit-animation-timing-function
-webkit-backface-visibility
-webkit-background-clip
-webkit-background-origin
-webkit-background-size
-webkit-border-bottom-left-radius
-webkit-border-bottom-right-radius
-webkit-border-radius
-webkit-border-top-left-radius
-webkit-border-top-right-radius
-webkit-box-shadow
-webkit-box-sizing
-webkit-clip-path
-webkit-column-count
-webkit-column-gap
-webkit-column-rule
-webkit-column-rule-color
-webkit-column-rule-style
-webkit-column-rule-width
-webkit-column-span
-webkit-column-width
-webkit-columns
-webkit-filter
-webkit-flex
-webkit-flex-basis
-webkit-flex-direction
-webkit-flex-flow
-webkit-flex-grow
-webkit-flex-shrink
-webkit-flex-wrap
-webkit-font-feature-settings
-webkit-justify-content
-webkit-opacity
-webkit-order
-webkit-perspective
-webkit-perspective-origin
-webkit-shape-image-threshold
-webkit-shape-margin
-webkit-shape-outside
-webkit-text-size-adjust
-webkit-transform
-webkit-transform-origin
-webkit-transform-style
-webkit-transition
-webkit-transition-delay
-webkit-transition-duration
-webkit-transition-property
-webkit-transition-timing-function
-webkit-user-select
word-wrap
