AccessibleNode
Animation
AppHistory
AppHistoryEntry
Clipboard
EditContext
FontFaceSet
MediaQueryList
BroadcastChannel
MessagePort
Node
EventTargetImpl
AbortSignal
FileReader
InputMethodContext
AudioTrackList
TextTrack
TextTrackCue
TextTrackList
TrustedTypePolicyFactory
VideoTrackList
ApplicationCache
MojoInterfaceInterceptor
OffscreenCanvas
EventSource
Performance
PortalHost
Profiler
VisualViewport
Window
DedicatedWorkerGlobalScope
Screen
SharedWorker
SharedWorkerGlobalScope
Worker
XMLHttpRequest
XMLHttpRequestUpload
WindowControlsOverlay
