BackgroundFetchRegistration
BatteryManager
Bluetooth
BluetoothDevice
BluetoothRemoteGATTCharacteristic
CloseWatcher
CookieStore
DelegatedInkTrail
EyeDropper
NavigatorManagedData
DevicePosture
MediaKeySession
FileWriter
GPUDevice
HID
HIDDevice
IdleDetector
ImageCapture
IDBDatabase
IDBOpenDBRequest
IDBRequest
IDBTransaction
MediaRecorder
MediaSource
SourceBuffer
SourceBufferList
MediaDevices
MediaStream
MediaStreamTrack
RTCDTMFSender
RTCDataChannel
RTCDtlsTransport
RTCPeerConnection
RTCSctpTransport
NDEFReader
NetworkInformation
Notification
PaymentRequest
RTCIceTransport
PermissionStatus
HTMLVideoElementPictureInPicture
PictureInPictureWindow
PresentationAvailability
PresentationConnection
PresentationConnectionList
PresentationRequest
RemotePlayback
ScreenOrientation
Screens
Sensor
Serial
SerialPort
ServiceWorker
ServiceWorkerContainer
ServiceWorkerGlobalScope
ServiceWorkerRegistration
WebOTPService
SpeechRecognition
SpeechSynthesis
SpeechSynthesisUtterance
AudioContext
AudioNode
MIDIAccess
MIDIInput
MIDIPort
VirtualKeyboard
XR
XRLayer
XRLightProbe
XRSession
XRSpace
WebSocket
USB
WakeLockSentinel
