Accelerometer
AmbientLightSensor
Autoplay
Camera
ClientHintDPR
ClientHintDeviceMemory
ClientHintDownlink
ClientHintECT
ClientHintLang
ClientHintRTT
ClientHintUA
ClientHintUAArch
ClientHintUAPlatform
ClientHintUAModel
ClientHintUAMobile
ClientHintUAFullVersion
ClientHintUAPlatformVersion
ClientHintViewportWidth
ClientHintWidth
ConversionMeasurement
DocumentDomain
DocumentWrite
Downloads
EncryptedMedia
ExecutionWhileOutOfViewport
ExecutionWhileNotRendered
FocusWithoutUserActivation
FormSubmission
Fullscreen
Frobulate
Geolocation
Gyroscope
Hid
IdleDetection
Magnetometer
Microphone
MidiFeature
Modals
OrientationLock
Payment
PictureInPicture
PointerLock
Popups
Presentation
PublicKeyCredentialsGet
ScreenWakeLock
Script
Serial
StorageAccessAPI
SyncScript
SyncXHR
TopNavigation
TrustTokenRedemption
Usb
VerticalScroll
WebXr
