Accelerometer
AmbientLightSensor
Autoplay
Camera
ClientHintDPR
ClientHintDeviceMemory
ClientHintDownlink
ClientHintECT
ClientHintPrefersColorScheme
ClientHintRTT
ClientHintUA
ClientHintUAArch
ClientHintUABitness
ClientHintUAPlatform
ClientHintUAModel
ClientHintUAMobile
ClientHintUAFullVersion
ClientHintUAPlatformVersion
ClientHintUAReduced
ClientHintViewportHeight
ClientHintViewportWidth
ClientHintWidth
ClipboardRead
ClipboardWrite
AttributionReporting
CrossOriginIsolated
DirectSockets
DisplayCapture
DocumentDomain
EncryptedMedia
ExecutionWhileOutOfViewport
ExecutionWhileNotRendered
FocusWithoutUserActivation
Fullscreen
Frobulate
Gamepad
Geolocation
Gyroscope
Hid
IdleDetection
InterestCohort
Magnetometer
Microphone
MidiFeature
OTPCredentials
Payment
PictureInPicture
PublicKeyCredentialsGet
ScreenWakeLock
Serial
SharedAutofill
StorageAccessAPI
SyncXHR
TrustTokenRedemption
Usb
VerticalScroll
WebShare
WebXr
WindowPlacement
