Accelerated2dCanvas
AcceleratedSmallCanvases
AccessibilityAriaTouchPassthrough
AccessibilityAriaVirtualContent
AccessibilityExposeDisplayNone
AccessibilityExposeHTMLElement
AccessibilityExposeIgnoredNodes
AccessibilityObjectModel
AccessibilityPageZoom
AccessibilityUseAXPositionForDocumentMarkers
AddEventListenerAbortSignal
AddressSpace
AdInterestGroupAPI
AdTagging
AllowActivationDelegationAttr
AllowContentInitiatedDataUrlNavigations
AllowSyncXHRInPageDismissal
AndroidDownloadableFontsMatching
AnimationWorklet
AnonymousIframe
AOMAriaProperties
AOMAriaRelationshipProperties
AppCache
AppHistory
AriaTouchPassthrough
AudioOutputDevices
AudioVideoTracks
AutoExpandDetailsElement
AutofillShadowDOM
AutoLazyLoadOnReloads
AutomaticLazyFrameLoading
AutomaticLazyImageLoading
AutomationControlled
AutoPictureInPicture
AutoplayIgnoresWebAudio
BackfaceVisibilityInterop
BackForwardCache
BackForwardCacheExperimentHTTPHeader
BackgroundFetch
BackgroundVideoTrackOptimization
Badging
BarcodeDetector
BatterySavingsMeta
BeforeMatchEvent
BidiCaretAffinity
BlinkRuntimeCallStats
BlockCredentialedSubresources
BlockingFocusWithoutUserActivation
BrowserVerifiedUserActivationKeyboard
BrowserVerifiedUserActivationMouse
CacheInlineScriptCode
CacheStorageCodeCacheHint
Canvas2dImageChromium
Canvas2dLayers
Canvas2dScrollPathIntoView
CanvasColorManagement
CanvasColorManagementV2
CanvasFormattedText
CanvasImageSmoothing
CapabilityDelegation
CapabilityDelegationPaymentRequest
CaptureHandle
CaptureTimeInCsrc
ClickPointerEvent
ClickRetargetting
ClipboardCustomFormats
ClipboardSvg
CloseWatcher
CLSScrollAnchoring
COLRV1Fonts
CompositeAfterPaint
CompositeBGColorAnimation
CompositeBoxShadowAnimation
CompositeClipPathAnimation
CompositedSelectionUpdate
CompositeRelativeKeyframes
ComputedAccessibilityInfo
ComputePressure
ConditionalFocus
ConsolidatedMovementXY
ContactsManager
ContactsManagerExtraProperties
ContainIntrinsicSizeAuto
ContentIndex
ContextMenu
ConversionMeasurement
ConversionMeasurementEventSources
CooperativeScheduling
CorsRFC1918
CrossOriginEmbedderPolicyCredentialless
CrossOriginIsolation
CrossOriginOpenerPolicyReporting
CrossOriginWebAssemblyModuleSharingAllowed
CSS3Text
CSSAccentColor
CSSAtRuleCounterStyleImageSymbols
CSSAtRuleCounterStyleInShadowDOM
CSSAtRuleCounterStyleSpeakAsDescriptor
CSSCalcAsInt
CSSCalcInfinityAndNaN
CSSCascadeLayers
CSSCaseSensitiveSelector
CSSColorSchemeOnly
CSSColorTypedOM
CSSContainedBodyPropagation
CSSContainerQueries
CSSContainerRelativeUnits
CSSContainerSkipStyleRecalc
CSSContainSize1D
CSSContentVisibility
CSSContentVisibilityHiddenMatchable
CSSDelayedAnimationUpdates
CSSDynamicRangeMediaQueries
CSSEnumeratedCustomProperties
CSSFocusVisible
CSSFoldables
CSSFontFaceSizeAdjust
CSSFontFamilyMath
CSSFontSizeAdjust
CSSHexAlphaColor
CSSIndependentTransformProperties
CSSLayoutAPI
CSSLogical
CSSLogicalOverflow
CSSMarkerNestedPseudoElement
CSSMathDepth
CSSMathShift
CSSMathStyle
CSSMathVariant
CSSModules
CSSOffsetPathRay
CSSOffsetPathRayContain
CSSOffsetPositionAnchor
CSSPaintAPIArguments
CSSPictureInPicture
CSSPositionStickyStaticScrollPosition
CSSPseudoAutofill
CSSPseudoDir
CSSPseudoHas
CSSPseudoHasInSnapshotProfile
CSSPseudoPlayingPaused
CSSScrollbars
CSSScrollTimeline
CSSSnapSize
CSSSpellingGrammarErrors
CSSSystemColorComputeToSelf
CSSTargetTextPseudoElement
CSSVariables2ImageValues
CSSVariables2TransformValues
CullRectUpdate
CustomElementDefaultStyle
CustomStatePseudoClass
Database
DecodeJpeg420ImagesToYUV
DecodeLossyWebPImagesToYUV
DelegatedInkTrails
DesktopCaptureDisableLocalEchoControl
DesktopPWAsSubApps
DeviceAttributes
DevicePosture
DialogFocusNewSpecBehavior
DigitalGoods
DirectSockets
DisableDifferentOriginSubframeDialogSuppression
DisableHardwareNoiseSuppression
DisableLayerSquashing
DisplayCapturePermissionsPolicy
DisplayCutoutAPI
DocumentCookie
DocumentDomain
DocumentPolicy
DocumentPolicyDocumentDomain
DocumentPolicyNegotiation
DocumentPolicySyncXHR
DocumentTransition
DocumentWrite
EarlyHintsPreloadForNavigationOptIn
EditContext
EditingNG
EncryptedMediaSessionClosedReason
EnterKeyHintAttribute
ExceptionMetaDataForDevTools
ExecCommandInJavaScript
ExperimentalContentSecurityPolicyFeatures
ExperimentalIsFramePending
ExperimentalIsInputPending
ExperimentalJSProfiler
ExperimentalPolicies
ExtendedTextMetrics
ExtraWebGLVideoTextureMetadata
EyeDropperAPI
FaceDetector
FakeNoAllocDirectCallForTesting
FeaturePolicyForClientHints
FeaturePolicyReporting
FencedFrames
FetchUploadStreaming
FileHandling
FileHandlingIcons
FileSystem
FileSystemAccess
FileSystemAccessAccessHandle
FileSystemAccessAPIExperimental
Fledge
FocuslessSpatialNavigation
FontAccess
FontAccessPersistent
FontSrcLocalMatching
FontSynthesis
ForcedColors
ForceEagerMeasureMemory
ForceOverlayFullscreenVideo
ForceSynchronousHTMLParsing
ForceTallerSelectPopup
FractionalLineHeight
FractionalScrollOffsets
FreezeFramesOnVisibility
GamepadButtonAxisEvents
GetDisplayMedia
GravitySensor
GroupEffect
HandwritingRecognition
HighlightAPI
HighlightInheritance
HrefTranslate
HTMLPopupElement
HTMLSelectMenuElement
IDBPutAll
IdleDetection
ImplicitRootScroller
InertAttribute
InputMultipleFieldsUI
InstalledApp
InteractionId
InterestCohortAPI
InterestCohortFeaturePolicy
IntersectionObserverDocumentScrollingElementRoot
KeyboardAccessibleTooltip
KeyboardFocusableScrollers
LangAttributeAwareFormControlUI
LayoutNG
LayoutNGBlockFragmentation
LayoutNGBlockInInline
LayoutNGFlexFragmentation
LayoutNGFragmentTraversal
LayoutNGFullPositionForPoint
LayoutNGGrid
LayoutNGGridCaching
LayoutNGGridFragmentation
LayoutNGPrinting
LayoutNGTable
LayoutNGTextCombine
LayoutNGTextControl
LazyFrameLoading
LazyFrameVisibleLoadTimeMetrics
LazyImageLoading
LazyImageVisibleLoadTimeMetrics
LazyInitializeMediaControls
LegacyWindowsDWriteFontFallback
ManagedConfiguration
MathMLCore
MeasureMemory
MediaCapabilitiesDynamicRange
MediaCapabilitiesEncodingInfo
MediaCapabilitiesEncryptedMedia
MediaCapabilitiesSpatialAudio
MediaCapabilitiesWebRtc
MediaCapture
MediaCaptureDepthVideoKind
MediaCastOverlayButton
MediaControlsExpandGesture
MediaControlsOverlayPlayButton
MediaControlsUseCutOutByDefault
MediaDocumentDownloadButton
MediaElementVolumeGreaterThanOne
MediaEngagementBypassAutoplayPolicies
MediaLatencyHint
MediaMetaThemeColor
MediaPreservesPitch
MediaQueryNavigationControls
MediaSession
MediaSessionPosition
MediaSessionWebRTC
MediaSourceExperimental
MediaSourceExtensionsForWebCodecs
MediaSourceInWorkers
MediaSourceNewAbortAndDuration
MediaSourceStable
MediaStreamInsertableStreams
MiddleClickAutoscroll
MobileLayoutTheme
ModuleServiceWorker
MojoJS
MojoJSTest
MouseSubframeNoImplicitCapture
NamedPages
NavigatorContentUtils
NavigatorLanguageInInsecureContext
NavigatorPluginsFixed
NetInfoDownlinkMax
NeverSlowMode
NewCanvas2DAPI
NewRemotePlaybackPipeline
NoIdleEncodingForWebTests
NotificationConstructor
NotificationContentImage
Notifications
NotificationTriggers
OffMainThreadCSSPaint
OffscreenCanvasCommit
OffsetParentNewSpecBehavior
OnDeviceChange
OrientationEvent
OriginIsolationHeader
OriginPolicy
OriginTrialsSampleAPI
OriginTrialsSampleAPIDependent
OriginTrialsSampleAPIDeprecation
OriginTrialsSampleAPIImplied
OriginTrialsSampleAPIInvalidOS
OriginTrialsSampleAPINavigation
OriginTrialsSampleAPIThirdParty
OverflowClip
OverscrollCustomization
PageFreezeOptIn
PageFreezeOptOut
PagePopup
PaintUnderInvalidationChecking
Parakeet
ParseUrlProtocolHandler
PassPaintVisualRectToCompositor
PasswordReveal
PaymentApp
PaymentHandlerChangePaymentMethod
PaymentHandlerHandlesShippingAndContact
PaymentMethodChangeEvent
PaymentRequest
PaymentRequestBasicCard
PaymentRequestMerchantValidationEvent
PaymentRetry
PercentBasedScrolling
PerformanceManagerInstrumentation
PeriodicBackgroundSync
PerMethodCanMakePaymentQuota
PermissionDelegation
Permissions
PermissionsPolicyHeader
PermissionsRequestRevoke
PictureInPicture
PictureInPictureAPI
PictureInPictureV2
PNaCl
PointerLockOptions
PointerRawUpdate
Portals
PreciseMemoryInfo
PreferNonCompositedScrolling
PrefersColorSchemeClientHintHeader
PrefersContrast
PrefersReducedData
PrefixedVideoFullscreen
Prerender2
Presentation
PriorityHints
PrivateNetworkAccessNonSecureContextsAllowed
PushMessaging
PushMessagingSubscriptionChange
QuotaChange
RegionCapture
RemotePlayback
RemotePlaybackBackend
RemoveMobileViewportDoubleTap
RequestVideoFrameCallback
RestrictAutomaticLazyFrameLoadingToDataSaver
RestrictAutomaticLazyImageLoadingToDataSaver
RestrictGamepadAccess
RtcAudioJitterBufferMaxPackets
RtcAudioJitterBufferRtxHandling
RTCExtendDeadlineForPlanBRemoval
RTCIceTransportExtension
RTCInsertableStreams
RTCQuicTransport
RTCRtpHeaderExtensionControl
RTCRtpTransceiverStop
RTCStatsRelativePacketArrivalDelay
RTCSvcScalabilityMode
RTCUnifiedPlan
RTCUnifiedPlanByDefault
SanitizerAPI
SchedulerCurrentTaskSignal
ScriptedSpeechRecognition
ScriptedSpeechSynthesis
ScriptElementSupports
ScrollbarGutter
ScrollbarWidth
ScrollCustomization
ScrollSnapAfterLayout
ScrollTimeline
ScrollTopLeftInterop
ScrollUnification
SecurePaymentConfirmation
SecurePaymentConfirmationDebug
SendBeaconThrowForBlobWithNonSimpleType
SendMouseEventsDisabledFormControls
SensorExtraClasses
Serial
ServiceWorkerClientLifecycleState
ServiceWorkerFetchEventWorkerTiming
ServiceWorkerSubresourceFilter
SharedArrayBuffer
SharedArrayBufferOnDesktop
SharedArrayBufferUnrestrictedAccessAllowed
SharedAutofill
SharedStorageAPI
SharedWorker
SignatureBasedIntegrity
SignedExchangeSubresourcePrefetch
SkipAd
SkipTouchEventFilter
SpeculationRules
SpeculationRulesPrefetchProxy
SrcsetMaxDensity
StableBlinkFeatures
StorageAccessAPI
StorageBuckets
StorageFoundationAPI
StrictMimeTypesForWorkers
SubresourceWebBundles
SVGTextNG
SyncLoadDataUrlFonts
SystemWakeLock
TargetBlankImpliesNoOpener
TestFeature
TestFeatureDependent
TestFeatureImplied
TextDetector
TextFragmentIdentifiers
TextFragmentTapOpensContextMenu
ThirdPartyOriginTrials
ThrottleDisplayNoneAndVisibilityHiddenCrossOriginIframes
TimerThrottlingForBackgroundTabs
TimeZoneChangeEvent
TouchEventFeatureDetection
TransferableStreams
TransformInterop
TranslateService
TrustedDOMTypes
TrustedTypeBeforePolicyCreationEvent
TrustedTypesUseCodeLike
TrustTokens
TrustTokensAlwaysAllowIssuance
U2FSecurityKeyAPI
UnclosedFormControlIsInvalid
UnderlineOffsetThickness
UnrestrictedSharedArrayBuffer
URLPattern
URLPatternCompareComponent
UserActivationSameOriginVisibility
UserAgentClientHint
UserAgentReduction
UUID
V8IdleTasks
VideoAutoFullscreen
VideoFullscreenOrientationLock
VideoPlaybackQuality
VideoRotateToFullscreen
VideoWakeLockOptimisationHiddenMuted
ViewportHeightClientHintHeader
ViewportSegments
VirtualKeyboard
VisibilityCollapseColumn
VisibilityStateEntry
WakeLock
WebAnimationsAPI
WebAnimationsSVG
WebAppLaunchHandler
WebAppLinkCapturing
WebAppManifestId
WebAppsLockScreen
WebAppTabStrip
WebAppUrlHandling
WebAppWindowControlsOverlay
WebAssemblyCSP
WebAssemblyExceptions
WebAuth
WebAuthAuthenticatorAttachment
WebAuthenticationConditionalUI
WebAuthenticationLargeBlobExtension
WebAuthenticationResidentKeyRequirement
WebBluetooth
WebBluetoothGetDevices
WebBluetoothManufacturerDataFilter
WebBluetoothRemoteCharacteristicNewWriteValue
WebBluetoothScanning
WebBluetoothWatchAdvertisements
WebCodecs
WebCryptoCurve25519
WebGLDeveloperExtensions
WebGLDraftExtensions
WebGLImageChromium
WebGPU
WebGPUImportTexture
WebHID
WebID
WebNFC
WebOTP
WebOTPAssertionFeaturePolicy
WebScheduler
WebShare
WebSocketStream
WebTransport
WebTransportCustomCertificates
WebUSB
WebUSBOnDedicatedWorkers
WebVTTRegions
WebXR
WebXRAnchors
WebXRARModule
WebXRCameraAccess
WebXRDepth
WebXRHandInput
WebXRHitTest
WebXRHitTestEntityTypes
WebXRImageTracking
WebXRLightEstimation
WebXRPlaneDetection
WebXRViewportScale
WheelEventRegions
WindowPlacement
XSLT
