details-content
details-summary
details-marker
date-time-edit
spin
clear
editing-view-port
picker
placeholder
search-clear
passwrod-reveal
thumb
track
text-field-container
file-upload-button
optgroup-label
-webkit-details-marker
-webkit-input-placeholder
-internal-input-suggested
-internal-media-controls-segmented-track
-webkit-media-slider-container
-webkit-media-slider-thumb
-webkit-meter-inner-element
-webkit-slider-container
-webkit-slider-thumb
-webkit-slider-runnable-track
-webkit-textfield-decoration-container
